[Nov 22 2016 05:16:27.000000 - ERROR] effectiveUser=662-265-5414 service=CampaignService method=get operators={EQUALS: 1} responseTime=119 requestId=000541dc093d05f00a623892a205e51e operations=1 units= server=adwords.google.com isFault=true faultMessage=[AuthorizationError.USER_PERMISSION_DENIED @ ; trigger:'<null>']
[Nov 22 2016 05:17:38.000000 - ERROR] effectiveUser=662-265-5414 service=CampaignService method=get operators={EQUALS: 1} responseTime=142 requestId=000541dc0d7d34280a624e42eb0ef3d0 operations=1 units= server=adwords.google.com isFault=true faultMessage=[AuthorizationError.USER_PERMISSION_DENIED @ ; trigger:'<null>']
[Nov 22 2016 05:19:43.000000 - INFO] effectiveUser=972-809-4679	 service=CampaignService method=get operators={EQUALS: 1} responseTime=169 requestId=000541dc14f0feb00a623e48aa09ac20 operations=1 units= server=adwords.google.com isFault=false faultMessage=null
[Nov 22 2016 05:23:43.000000 - INFO] effectiveUser=972-809-4679	 service=CampaignService method=get operators={EQUALS: 1} responseTime=143 requestId=000541dc233737290a622c43ac0551b4 operations=1 units= server=adwords.google.com isFault=false faultMessage=null
[Nov 22 2016 05:23:58.000000 - INFO] effectiveUser=972-809-4679	 service=CampaignService method=get operators={EQUALS: 1} responseTime=90 requestId=000541dc242494c80a624e42eb0ef3d0 operations=1 units= server=adwords.google.com isFault=false faultMessage=null
[Nov 22 2016 05:31:08.000000 - INFO] effectiveUser=972-809-4679	 service=CampaignService method=get operators={EQUALS: 1} responseTime=151 requestId=000541dc3dc4f9b80a6216431e0cf028 operations=1 units= server=adwords.google.com isFault=false faultMessage=null
[Nov 22 2016 05:36:13.000000 - INFO] effectiveUser=535-641-1630 service=CampaignService method=query operators={} responseTime=168 requestId=000541dc4fef6d580a6257d8a008ee73 operations=1 units= server=adwords.google.com isFault=false faultMessage=null
[Nov 22 2016 05:46:33.000000 - INFO] effectiveUser=535-641-1630 service=CampaignService method=query operators={} responseTime=156 requestId=000541dc74ec44c80a6298db10034443 operations=1 units= server=adwords.google.com isFault=false faultMessage=null
[Nov 22 2016 05:48:34.000000 - ERROR] effectiveUser=535-641-1630 service=CampaignService method=query operators={} responseTime=92 requestId=000541dc7c244a880a62dcd4d00fd199 operations=1 units= server=adwords.google.com isFault=true faultMessage=[SelectorError.INVALID_FIELD_NAME @ query; trigger:'Impressions', SelectorError.INVALID_FIELD_NAME @ query; trigger:'Clicks', SelectorError.INVALID_FIELD_NAME @ query; trigger:'Cost', SelectorError.INVALID_FIELD_NAME @ query; trigger:'Clicks']
[Nov 22 2016 05:53:35.000000 - ERROR] effectiveUser=535-641-1630 service=CampaignService method=query operators={} responseTime=205 requestId=000541dc8e0ad7580a6208d5b20d0863 operations=1 units= server=adwords.google.com isFault=true faultMessage=[SelectorError.INVALID_FIELD_NAME @ query; trigger:'budget', SelectorError.INVALID_FIELD_NAME @ query; trigger:'servingStatus']
[Nov 22 2016 05:53:45.000000 - INFO] effectiveUser=535-641-1630 service=CampaignService method=query operators={} responseTime=183 requestId=000541dc8ea15a980a62dfd583046974 operations=1 units= server=adwords.google.com isFault=false faultMessage=null
[Nov 22 2016 05:55:06.000000 - INFO] effectiveUser=535-641-1630 service=CampaignService method=query operators={} responseTime=160 requestId=000541dc9375ed180a6298db10034443 operations=1 units= server=adwords.google.com isFault=false faultMessage=null
[Nov 22 2016 05:55:32.000000 - INFO] effectiveUser=535-641-1630 service=CampaignService method=query operators={} responseTime=155 requestId=000541dc950860710a620d556209e4b6 operations=1 units= server=adwords.google.com isFault=false faultMessage=null
[Nov 22 2016 07:39:25.000000 - ERROR] effectiveUser=683-135-9948 service=CampaignCriterionService method=mutate operators={ADD: 1} responseTime=166 requestId=000541de089114000a621783ad01b886 operations=1 units= server=adwords.google.com isFault=true faultMessage=[RequiredError.REQUIRED @ operations[0].operand.campaignId]
[Nov 22 2016 07:39:45.000000 - INFO] effectiveUser=683-135-9948 service=CampaignCriterionService method=mutate operators={ADD: 1} responseTime=171 requestId=000541de09b9c9080a620585040a929f operations=1 units= server=adwords.google.com isFault=false faultMessage=null
[Nov 22 2016 07:40:23.000000 - INFO] effectiveUser=683-135-9948 service=CampaignCriterionService method=mutate operators={ADD: 1} responseTime=191 requestId=000541de0c02de480a62a08d6e0fd3c9 operations=1 units= server=adwords.google.com isFault=false faultMessage=null
[Nov 22 2016 07:49:28.000000 - INFO] effectiveUser=683-135-9948 service=CampaignCriterionService method=mutate operators={ADD: 1} responseTime=165 requestId=000541de2c79df780a6212cc8e018aab operations=1 units= server=adwords.google.com isFault=false faultMessage=null
[Nov 22 2016 07:51:15.000000 - INFO] effectiveUser=683-135-9948 service=CampaignCriterionService method=mutate operators={ADD: 1} responseTime=178 requestId=000541de32de87d80a62d9cd290563d8 operations=1 units= server=adwords.google.com isFault=false faultMessage=null
[Nov 22 2016 07:55:29.000000 - INFO] effectiveUser=683-135-9948 service=CampaignCriterionService method=mutate operators={ADD: 1} responseTime=150 requestId=000541de420370200a624f898f0d8d70 operations=1 units= server=adwords.google.com isFault=false faultMessage=null
[Nov 22 2016 07:56:32.000000 - INFO] effectiveUser=683-135-9948 service=CampaignService method=query operators={} responseTime=158 requestId=000541de45c9de600a62d316d50d5950 operations=1 units= server=adwords.google.com isFault=false faultMessage=null
[Nov 22 2016 07:56:33.000000 - INFO] effectiveUser=683-135-9948 service=CampaignCriterionService method=mutate operators={ADD: 1} responseTime=153 requestId=000541de45d26dc80a62528a30044c0d operations=1 units= server=adwords.google.com isFault=false faultMessage=null
[Nov 22 2016 07:58:22.000000 - INFO] effectiveUser=897-393-9463 service=CampaignService method=query operators={} responseTime=263 requestId=000541de4c4f87f80a625c85fd002a14 operations=1 units= server=adwords.google.com isFault=false faultMessage=null
[Nov 22 2016 07:58:23.000000 - INFO] effectiveUser=897-393-9463 service=CampaignCriterionService method=mutate operators={ADD: 1} responseTime=176 requestId=000541de4c596f200a628b192a0cb8ba operations=1 units= server=adwords.google.com isFault=false faultMessage=null
[Nov 22 2016 07:58:23.000000 - INFO] effectiveUser=897-393-9463 service=CampaignCriterionService method=mutate operators={ADD: 2} responseTime=184 requestId=000541de4c5f4f080a6289daa10a99ad operations=2 units= server=adwords.google.com isFault=false faultMessage=null
[Nov 22 2016 07:58:23.000000 - INFO] effectiveUser=897-393-9463 service=CampaignCriterionService method=mutate operators={ADD: 3} responseTime=162 requestId=000541de4c6552190a6216062d046015 operations=3 units= server=adwords.google.com isFault=false faultMessage=null
[Nov 22 2016 07:58:24.000000 - INFO] effectiveUser=897-393-9463 service=CampaignCriterionService method=mutate operators={ADD: 4} responseTime=155 requestId=000541de4c6afb500a62a08d6e0fd3c9 operations=4 units= server=adwords.google.com isFault=false faultMessage=null
[Nov 22 2016 07:58:24.000000 - INFO] effectiveUser=897-393-9463 service=CampaignCriterionService method=mutate operators={ADD: 5} responseTime=170 requestId=000541de4c707d790a623a14bb0990e0 operations=5 units= server=adwords.google.com isFault=false faultMessage=null
[Nov 22 2016 07:58:25.000000 - INFO] effectiveUser=897-393-9463 service=CampaignCriterionService method=mutate operators={ADD: 6} responseTime=216 requestId=000541de4c762e810a623d8e4208e251 operations=6 units= server=adwords.google.com isFault=false faultMessage=null
[Nov 22 2016 07:58:25.000000 - INFO] effectiveUser=897-393-9463 service=CampaignCriterionService method=mutate operators={ADD: 7} responseTime=159 requestId=000541de4c7d95080a6226429304a6a4 operations=7 units= server=adwords.google.com isFault=false faultMessage=null
[Nov 22 2016 07:58:25.000000 - INFO] effectiveUser=897-393-9463 service=CampaignCriterionService method=mutate operators={ADD: 8} responseTime=206 requestId=000541de4c8336700a6296912f0e306d operations=8 units= server=adwords.google.com isFault=false faultMessage=null
[Nov 22 2016 07:58:26.000000 - INFO] effectiveUser=897-393-9463 service=CampaignCriterionService method=mutate operators={ADD: 9} responseTime=149 requestId=000541de4c8993580a62ca0fb00bb937 operations=9 units= server=adwords.google.com isFault=false faultMessage=null
[Nov 22 2016 07:58:26.000000 - INFO] effectiveUser=897-393-9463 service=CampaignCriterionService method=mutate operators={ADD: 10} responseTime=154 requestId=000541de4c8f29080a62dfc2350fc6d1 operations=10 units= server=adwords.google.com isFault=false faultMessage=null
[Nov 22 2016 07:58:26.000000 - INFO] effectiveUser=897-393-9463 service=CampaignCriterionService method=mutate operators={ADD: 11} responseTime=149 requestId=000541de4c94c6880a62d10972085180 operations=11 units= server=adwords.google.com isFault=false faultMessage=null
[Nov 22 2016 07:58:27.000000 - INFO] effectiveUser=897-393-9463 service=CampaignCriterionService method=mutate operators={ADD: 12} responseTime=154 requestId=000541de4c9a60200a624986190f0521 operations=12 units= server=adwords.google.com isFault=false faultMessage=null
[Nov 22 2016 07:58:27.000000 - INFO] effectiveUser=897-393-9463 service=CampaignCriterionService method=mutate operators={ADD: 13} responseTime=157 requestId=000541de4c9ff9b80a62095dda0dbb79 operations=13 units= server=adwords.google.com isFault=false faultMessage=null
[Nov 22 2016 08:01:46.000000 - ERROR] effectiveUser= service=CampaignService method=query operators={} responseTime=70 requestId=000541de587ac3f80a62d688580f0852 operations=1 units= server=adwords.google.com isFault=true faultMessage=[AuthenticationError.CLIENT_CUSTOMER_ID_IS_REQUIRED @ ; trigger:'<null>']
[Nov 22 2016 08:02:18.000000 - ERROR] effectiveUser= service=CampaignService method=query operators={} responseTime=70 requestId=000541de5a6058900a62184be80227d8 operations=1 units= server=adwords.google.com isFault=true faultMessage=[AuthenticationError.CLIENT_CUSTOMER_ID_IS_REQUIRED @ ; trigger:'<null>']
[Nov 22 2016 08:03:23.000000 - ERROR] effectiveUser= service=CampaignService method=query operators={} responseTime=73 requestId=000541de5e47e3600a621e421f01d2a9 operations=1 units= server=adwords.google.com isFault=true faultMessage=[AuthenticationError.CLIENT_CUSTOMER_ID_IS_REQUIRED @ ; trigger:'<null>']
[Nov 22 2016 08:03:40.000000 - ERROR] effectiveUser= service=CampaignService method=query operators={} responseTime=68 requestId=000541de5f4176000a62c014be023d1e operations=1 units= server=adwords.google.com isFault=true faultMessage=[AuthenticationError.CLIENT_CUSTOMER_ID_IS_REQUIRED @ ; trigger:'<null>']
[Nov 22 2016 08:03:56.000000 - ERROR] effectiveUser= service=CampaignService method=query operators={} responseTime=80 requestId=000541de603ebdd80a62c014be023d1e operations=1 units= server=adwords.google.com isFault=true faultMessage=[AuthenticationError.CLIENT_CUSTOMER_ID_IS_REQUIRED @ ; trigger:'<null>']
[Nov 22 2016 08:04:25.000000 - ERROR] effectiveUser= service=CampaignService method=query operators={} responseTime=73 requestId=000541de61f2ea000a6289daa10a99ad operations=1 units= server=adwords.google.com isFault=true faultMessage=[AuthenticationError.CLIENT_CUSTOMER_ID_IS_REQUIRED @ ; trigger:'<null>']
[Nov 22 2016 08:05:02.000000 - INFO] effectiveUser=897-393-9463 service=CampaignService method=query operators={} responseTime=133 requestId=000541de642297580a622110e60b07c0 operations=1 units= server=adwords.google.com isFault=false faultMessage=null
[Nov 22 2016 08:05:02.000000 - INFO] effectiveUser=897-393-9463 service=CampaignCriterionService method=mutate operators={ADD: 1} responseTime=139 requestId=000541de642b26c10a629559310a70b4 operations=1 units= server=adwords.google.com isFault=false faultMessage=null
[Nov 22 2016 08:05:03.000000 - INFO] effectiveUser=897-393-9463 service=CampaignCriterionService method=mutate operators={ADD: 2} responseTime=160 requestId=000541de643149100a6216062d046015 operations=2 units= server=adwords.google.com isFault=false faultMessage=null
[Nov 22 2016 08:05:03.000000 - INFO] effectiveUser=897-393-9463 service=CampaignCriterionService method=mutate operators={ADD: 3} responseTime=164 requestId=000541de6437b9810a62c014be023d1e operations=3 units= server=adwords.google.com isFault=false faultMessage=null
[Nov 22 2016 08:05:04.000000 - INFO] effectiveUser=897-393-9463 service=CampaignCriterionService method=mutate operators={ADD: 4} responseTime=143 requestId=000541de643faca80a62870af70f1ec8 operations=4 units= server=adwords.google.com isFault=false faultMessage=null
[Nov 22 2016 08:05:04.000000 - INFO] effectiveUser=897-393-9463 service=CampaignCriterionService method=mutate operators={ADD: 5} responseTime=154 requestId=000541de644673080a6289daa10a99ad operations=5 units= server=adwords.google.com isFault=false faultMessage=null
[Nov 22 2016 08:05:04.000000 - INFO] effectiveUser=897-393-9463 service=CampaignCriterionService method=mutate operators={ADD: 6} responseTime=166 requestId=000541de644c2be00a629d4d440096c7 operations=6 units= server=adwords.google.com isFault=false faultMessage=null
[Nov 22 2016 08:05:05.000000 - INFO] effectiveUser=897-393-9463 service=CampaignCriterionService method=mutate operators={ADD: 7} responseTime=174 requestId=000541de6451fc280a6214d2b7026436 operations=7 units= server=adwords.google.com isFault=false faultMessage=null
[Nov 22 2016 08:05:05.000000 - INFO] effectiveUser=897-393-9463 service=CampaignCriterionService method=mutate operators={ADD: 8} responseTime=141 requestId=000541de6457ebb00a623d8e4208e251 operations=8 units= server=adwords.google.com isFault=false faultMessage=null
[Nov 22 2016 08:05:05.000000 - INFO] effectiveUser=897-393-9463 service=CampaignCriterionService method=mutate operators={ADD: 9} responseTime=143 requestId=000541de645ddb380a629559310a70b4 operations=9 units= server=adwords.google.com isFault=false faultMessage=null
[Nov 22 2016 08:05:06.000000 - INFO] effectiveUser=897-393-9463 service=CampaignCriterionService method=mutate operators={ADD: 10} responseTime=169 requestId=000541de646424980a62480d1d0aadeb operations=10 units= server=adwords.google.com isFault=false faultMessage=null
[Nov 22 2016 08:05:06.000000 - INFO] effectiveUser=897-393-9463 service=CampaignCriterionService method=mutate operators={ADD: 11} responseTime=167 requestId=000541de646a4ad00a624986190f0521 operations=11 units= server=adwords.google.com isFault=false faultMessage=null
[Nov 22 2016 08:05:07.000000 - INFO] effectiveUser=897-393-9463 service=CampaignCriterionService method=mutate operators={ADD: 12} responseTime=161 requestId=000541de647330280a62c907ee0debad operations=12 units= server=adwords.google.com isFault=false faultMessage=null
[Nov 22 2016 08:05:07.000000 - INFO] effectiveUser=897-393-9463 service=CampaignCriterionService method=mutate operators={ADD: 13} responseTime=181 requestId=000541de647a6bb80a624658460bdf9b operations=13 units= server=adwords.google.com isFault=false faultMessage=null
[Nov 22 2016 08:05:36.000000 - INFO] effectiveUser=897-393-9463 service=CampaignService method=query operators={} responseTime=110 requestId=000541de6632d9b80a62418a370c9b87 operations=1 units= server=adwords.google.com isFault=false faultMessage=null
[Nov 22 2016 08:05:37.000000 - INFO] effectiveUser=897-393-9463 service=CampaignCriterionService method=mutate operators={ADD: 1} responseTime=180 requestId=000541de663aa1e80a62d688580f0852 operations=1 units= server=adwords.google.com isFault=false faultMessage=null
[Nov 22 2016 08:05:37.000000 - INFO] effectiveUser=897-393-9463 service=CampaignCriterionService method=mutate operators={ADD: 2} responseTime=130 requestId=000541de66409d280a6226429304a6a4 operations=2 units= server=adwords.google.com isFault=false faultMessage=null
[Nov 22 2016 08:05:37.000000 - INFO] effectiveUser=897-393-9463 service=CampaignCriterionService method=mutate operators={ADD: 3} responseTime=151 requestId=000541de6645fc280a6216431e0cf028 operations=3 units= server=adwords.google.com isFault=false faultMessage=null
[Nov 22 2016 08:05:38.000000 - INFO] effectiveUser=897-393-9463 service=CampaignCriterionService method=mutate operators={ADD: 4} responseTime=135 requestId=000541de664b8df00a622c43ac0551b4 operations=4 units= server=adwords.google.com isFault=false faultMessage=null
[Nov 22 2016 08:05:38.000000 - INFO] effectiveUser=897-393-9463 service=CampaignCriterionService method=mutate operators={ADD: 5} responseTime=152 requestId=000541de665175a80a6257d8a008ee73 operations=5 units= server=adwords.google.com isFault=false faultMessage=null
[Nov 22 2016 08:05:39.000000 - INFO] effectiveUser=897-393-9463 service=CampaignCriterionService method=mutate operators={ADD: 6} responseTime=137 requestId=000541de665722c80a623892a205e51e operations=6 units= server=adwords.google.com isFault=false faultMessage=null
[Nov 22 2016 08:05:39.000000 - INFO] effectiveUser=897-393-9463 service=CampaignCriterionService method=mutate operators={ADD: 7} responseTime=141 requestId=000541de665c91690a62520b3d02fcb8 operations=7 units= server=adwords.google.com isFault=false faultMessage=null
[Nov 22 2016 08:05:39.000000 - INFO] effectiveUser=897-393-9463 service=CampaignCriterionService method=mutate operators={ADD: 8} responseTime=142 requestId=000541de66623e880a6225073e07a8df operations=8 units= server=adwords.google.com isFault=false faultMessage=null
[Nov 22 2016 08:05:40.000000 - INFO] effectiveUser=897-393-9463 service=CampaignCriterionService method=mutate operators={ADD: 9} responseTime=148 requestId=000541de6667dff00a624e14840a409e operations=9 units= server=adwords.google.com isFault=false faultMessage=null
[Nov 22 2016 08:05:40.000000 - INFO] effectiveUser=897-393-9463 service=CampaignCriterionService method=mutate operators={ADD: 10} responseTime=138 requestId=000541de666d85400a62c095b905c38e operations=10 units= server=adwords.google.com isFault=false faultMessage=null
[Nov 22 2016 08:05:40.000000 - INFO] effectiveUser=897-393-9463 service=CampaignCriterionService method=mutate operators={ADD: 11} responseTime=137 requestId=000541de667307680a622ac93a0d8f89 operations=11 units= server=adwords.google.com isFault=false faultMessage=null
[Nov 22 2016 08:05:41.000000 - INFO] effectiveUser=897-393-9463 service=CampaignCriterionService method=mutate operators={ADD: 12} responseTime=149 requestId=000541de667885a80a621783ad01b886 operations=12 units= server=adwords.google.com isFault=false faultMessage=null
[Nov 22 2016 08:05:41.000000 - INFO] effectiveUser=897-393-9463 service=CampaignCriterionService method=mutate operators={ADD: 13} responseTime=168 requestId=000541de667e32c80a624a475a077389 operations=13 units= server=adwords.google.com isFault=false faultMessage=null
[Nov 22 2016 08:43:50.000000 - INFO] effectiveUser=897-393-9463 service=CampaignService method=query operators={} responseTime=174 requestId=000541deeee5dc600a62644ead0c525e operations=1 units= server=adwords.google.com isFault=false faultMessage=null
[Nov 22 2016 08:44:41.000000 - ERROR] effectiveUser=897-393-9463 service=CampaignService method=query operators={} responseTime=114 requestId=000541def1f2e1c80a62c014be023d1e operations=1 units= server=adwords.google.com isFault=true faultMessage=[QueryError{reason=INVALID_SELECT_CLAUSE, message=}]
[Nov 22 2016 08:44:51.000000 - ERROR] effectiveUser=897-393-9463 service=CampaignService method=query operators={} responseTime=82 requestId=000541def28ecfc10a621e421f01d2a9 operations=1 units= server=adwords.google.com isFault=true faultMessage=[QueryError{reason=INVALID_SELECT_CLAUSE, message=}]
[Nov 22 2016 08:45:00.000000 - INFO] effectiveUser=897-393-9463 service=CampaignService method=query operators={} responseTime=149 requestId=000541def310dcb80a629582c40d0eac operations=1 units= server=adwords.google.com isFault=false faultMessage=null
[Nov 23 2016 12:27:26.000000 - ERROR] effectiveUser= service=CampaignService method=mutate operators={EDIT: 1} responseTime=89 requestId=000541f62c6a56800a6201ca1c0dd77c operations=1 units= server=adwords.google.com isFault=true faultMessage=[AuthenticationError.CLIENT_CUSTOMER_ID_IS_REQUIRED @ ; trigger:'<null>']
[Nov 23 2016 12:27:38.000000 - ERROR] effectiveUser= service=CampaignService method=mutate operators={EDIT: 1} responseTime=70 requestId=000541f62d25fd900a62628473058701 operations=1 units= server=adwords.google.com isFault=true faultMessage=[AuthenticationError.CLIENT_CUSTOMER_ID_IS_REQUIRED @ ; trigger:'<null>']
[Nov 23 2016 12:27:58.000000 - ERROR] effectiveUser= service=CampaignService method=mutate operators={EDIT: 1} responseTime=70 requestId=000541f62e5cd3c80a62644ead0c525e operations=1 units= server=adwords.google.com isFault=true faultMessage=[AuthenticationError.CLIENT_CUSTOMER_ID_IS_REQUIRED @ ; trigger:'<null>']
[Nov 23 2016 12:28:17.000000 - ERROR] effectiveUser= service=CampaignService method=mutate operators={EDIT: 1} responseTime=69 requestId=000541f62f7a17200a62644ead0c525e operations=1 units= server=adwords.google.com isFault=true faultMessage=[AuthenticationError.CLIENT_CUSTOMER_ID_IS_REQUIRED @ ; trigger:'<null>']
[Nov 23 2016 12:28:38.000000 - ERROR] effectiveUser= service=CampaignService method=mutate operators={EDIT: 1} responseTime=78 requestId=000541f630bd9b700a629ec71f08dcc2 operations=1 units= server=adwords.google.com isFault=true faultMessage=[AuthenticationError.CLIENT_CUSTOMER_ID_IS_REQUIRED @ ; trigger:'<null>']
[Nov 23 2016 12:29:46.000000 - ERROR] effectiveUser=248-667-0218 service=CampaignService method=mutate operators={EDIT: 1} responseTime=141 requestId=000541f634cb6b210a624e42eb0ef3d0 operations=1 units= server=adwords.google.com isFault=true faultMessage=[OperatorError.OPERATOR_NOT_SUPPORTED @ operations[0], RequiredError.REQUIRED @ operations[0].operator]
[Nov 23 2016 12:31:03.000000 - INFO] effectiveUser=248-667-0218 service=CampaignService method=mutate operators={SET: 1} responseTime=283 requestId=000541f6395c78780a621bc55e0bba5d operations=1 units= server=adwords.google.com isFault=false faultMessage=null
[Nov 23 2016 12:31:38.000000 - INFO] effectiveUser=248-667-0218 service=CampaignService method=mutate operators={SET: 1} responseTime=170 requestId=000541f63b69c8f00a62cc0560011470 operations=1 units= server=adwords.google.com isFault=false faultMessage=null
[Nov 23 2016 12:33:14.000000 - INFO] effectiveUser=248-667-0218 service=CampaignService method=mutate operators={SET: 1} responseTime=254 requestId=000541f64123ba300a624944d20af8d0 operations=1 units= server=adwords.google.com isFault=false faultMessage=null
[Nov 23 2016 12:33:49.000000 - INFO] effectiveUser=248-667-0218 service=CampaignService method=mutate operators={SET: 1} responseTime=163 requestId=000541f6433c07280a621bc55e0bba5d operations=1 units= server=adwords.google.com isFault=false faultMessage=null
[Nov 23 2016 12:46:09.000000 - ERROR] effectiveUser= service=CampaignCriterionService method=mutate operators={SET: 1} responseTime=95 requestId=000541f66f5960d00a621e421f01d2a9 operations=1 units= server=adwords.google.com isFault=true faultMessage=[AuthenticationError.CLIENT_CUSTOMER_ID_IS_REQUIRED @ ; trigger:'<null>']
[Nov 23 2016 12:46:44.000000 - ERROR] effectiveUser=582-201-7810 service=CampaignCriterionService method=mutate operators={SET: 1} responseTime=84 requestId=000541f6716db6280a62dfd583046974 operations=1 units= server=adwords.google.com isFault=true faultMessage=[AuthorizationError.USER_PERMISSION_DENIED @ ; trigger:'<null>']
[Nov 23 2016 12:46:45.000000 - ERROR] effectiveUser=582-201-7810 service=CampaignCriterionService method=mutate operators={SET: 1} responseTime=89 requestId=000541f671814dc90a62dfd583046974 operations=1 units= server=adwords.google.com isFault=true faultMessage=[AuthorizationError.USER_PERMISSION_DENIED @ ; trigger:'<null>']
[Nov 23 2016 12:46:45.000000 - ERROR] effectiveUser=582-201-7810 service=CampaignCriterionService method=mutate operators={SET: 1} responseTime=100 requestId=000541f671894ca80a62d9cd290563d8 operations=1 units= server=adwords.google.com isFault=true faultMessage=[AuthorizationError.USER_PERMISSION_DENIED @ ; trigger:'<null>']
[Nov 23 2016 12:46:46.000000 - ERROR] effectiveUser=582-201-7810 service=CampaignCriterionService method=mutate operators={SET: 1} responseTime=80 requestId=000541f671934f280a629ec71f08dcc2 operations=1 units= server=adwords.google.com isFault=true faultMessage=[AuthorizationError.USER_PERMISSION_DENIED @ ; trigger:'<null>']
[Nov 23 2016 12:46:46.000000 - ERROR] effectiveUser=582-201-7810 service=CampaignCriterionService method=mutate operators={SET: 1} responseTime=92 requestId=000541f6719693180a620585040a929f operations=1 units= server=adwords.google.com isFault=true faultMessage=[AuthorizationError.USER_PERMISSION_DENIED @ ; trigger:'<null>']
[Nov 23 2016 12:46:47.000000 - ERROR] effectiveUser=582-201-7810 service=CampaignCriterionService method=mutate operators={SET: 1} responseTime=92 requestId=000541f6719cb1800a62dfd583046974 operations=1 units= server=adwords.google.com isFault=true faultMessage=[AuthorizationError.USER_PERMISSION_DENIED @ ; trigger:'<null>']
[Nov 23 2016 12:46:47.000000 - ERROR] effectiveUser=582-201-7810 service=CampaignCriterionService method=mutate operators={SET: 1} responseTime=72 requestId=000541f671a1a7080a623892a205e51e operations=1 units= server=adwords.google.com isFault=true faultMessage=[AuthorizationError.USER_PERMISSION_DENIED @ ; trigger:'<null>']
[Nov 23 2016 12:46:49.000000 - ERROR] effectiveUser=582-201-7810 service=CampaignCriterionService method=mutate operators={SET: 1} responseTime=409 requestId=000541f671b97c980a624a475a077389 operations=1 units= server=adwords.google.com isFault=true faultMessage=[AuthorizationError.USER_PERMISSION_DENIED @ ; trigger:'<null>']
[Nov 23 2016 12:47:01.000000 - ERROR] effectiveUser=582-201-7810 service=CampaignCriterionService method=mutate operators={SET: 1} responseTime=89 requestId=000541f6727631300a622c43ac0551b4 operations=1 units= server=adwords.google.com isFault=true faultMessage=[AuthorizationError.USER_PERMISSION_DENIED @ ; trigger:'<null>']
[Nov 23 2016 12:47:02.000000 - ERROR] effectiveUser=582-201-7810 service=CampaignCriterionService method=mutate operators={SET: 1} responseTime=78 requestId=000541f67284eab80a621bd652052d32 operations=1 units= server=adwords.google.com isFault=true faultMessage=[AuthorizationError.USER_PERMISSION_DENIED @ ; trigger:'<null>']
[Nov 23 2016 12:47:03.000000 - ERROR] effectiveUser=582-201-7810 service=CampaignCriterionService method=mutate operators={SET: 1} responseTime=91 requestId=000541f672934a690a6219c9e403a7c6 operations=1 units= server=adwords.google.com isFault=true faultMessage=[AuthorizationError.USER_PERMISSION_DENIED @ ; trigger:'<null>']
[Nov 23 2016 12:47:08.000000 - ERROR] effectiveUser=582-201-7810 service=CampaignCriterionService method=mutate operators={SET: 1} responseTime=87 requestId=000541f672e310480a62644ead0c525e operations=1 units= server=adwords.google.com isFault=true faultMessage=[AuthorizationError.USER_PERMISSION_DENIED @ ; trigger:'<null>']
[Nov 23 2016 12:47:14.000000 - ERROR] effectiveUser=582-201-7810 service=CampaignCriterionService method=mutate operators={SET: 1} responseTime=73 requestId=000541f6733917b80a62d10972085180 operations=1 units= server=adwords.google.com isFault=true faultMessage=[AuthorizationError.USER_PERMISSION_DENIED @ ; trigger:'<null>']
[Nov 23 2016 12:47:22.000000 - ERROR] effectiveUser=582-201-7810 service=CampaignCriterionService method=mutate operators={SET: 1} responseTime=77 requestId=000541f673be5ce80a6298db10034443 operations=1 units= server=adwords.google.com isFault=true faultMessage=[AuthorizationError.USER_PERMISSION_DENIED @ ; trigger:'<null>']
[Nov 23 2016 12:47:23.000000 - ERROR] effectiveUser=582-201-7810 service=CampaignCriterionService method=mutate operators={SET: 1} responseTime=80 requestId=000541f673ccff000a6298db10034443 operations=1 units= server=adwords.google.com isFault=true faultMessage=[AuthorizationError.USER_PERMISSION_DENIED @ ; trigger:'<null>']
[Nov 23 2016 12:47:24.000000 - ERROR] effectiveUser=582-201-7810 service=CampaignCriterionService method=mutate operators={SET: 1} responseTime=82 requestId=000541f673d36b880a62cd497a03695b operations=1 units= server=adwords.google.com isFault=true faultMessage=[AuthorizationError.USER_PERMISSION_DENIED @ ; trigger:'<null>']
[Nov 23 2016 12:47:24.000000 - ERROR] effectiveUser=582-201-7810 service=CampaignCriterionService method=mutate operators={SET: 1} responseTime=82 requestId=000541f673d77e800a6208d5b20d0863 operations=1 units= server=adwords.google.com isFault=true faultMessage=[AuthorizationError.USER_PERMISSION_DENIED @ ; trigger:'<null>']
[Nov 23 2016 12:47:24.000000 - ERROR] effectiveUser=582-201-7810 service=CampaignCriterionService method=mutate operators={SET: 1} responseTime=73 requestId=000541f673da9f480a629ec71f08dcc2 operations=1 units= server=adwords.google.com isFault=true faultMessage=[AuthorizationError.USER_PERMISSION_DENIED @ ; trigger:'<null>']
[Nov 23 2016 12:47:24.000000 - ERROR] effectiveUser=582-201-7810 service=CampaignCriterionService method=mutate operators={SET: 1} responseTime=77 requestId=000541f673dd04900a62cd497a03695b operations=1 units= server=adwords.google.com isFault=true faultMessage=[AuthorizationError.USER_PERMISSION_DENIED @ ; trigger:'<null>']
[Nov 23 2016 12:47:25.000000 - ERROR] effectiveUser=582-201-7810 service=CampaignCriterionService method=mutate operators={SET: 1} responseTime=81 requestId=000541f673dfeac00a62d316d50d5950 operations=1 units= server=adwords.google.com isFault=true faultMessage=[AuthorizationError.USER_PERMISSION_DENIED @ ; trigger:'<null>']
[Nov 23 2016 12:47:25.000000 - ERROR] effectiveUser=582-201-7810 service=CampaignCriterionService method=mutate operators={SET: 1} responseTime=94 requestId=000541f673e434680a62df18a0053255 operations=1 units= server=adwords.google.com isFault=true faultMessage=[AuthorizationError.USER_PERMISSION_DENIED @ ; trigger:'<null>']
[Nov 23 2016 12:47:25.000000 - ERROR] effectiveUser=582-201-7810 service=CampaignCriterionService method=mutate operators={SET: 1} responseTime=83 requestId=000541f673e5f1b80a62d6487805e226 operations=1 units= server=adwords.google.com isFault=true faultMessage=[AuthorizationError.USER_PERMISSION_DENIED @ ; trigger:'<null>']
[Nov 23 2016 12:47:30.000000 - ERROR] effectiveUser=582-201-7810 service=CampaignCriterionService method=mutate operators={SET: 1} responseTime=79 requestId=000541f67429f3e00a62830fd1088a3d operations=1 units= server=adwords.google.com isFault=true faultMessage=[AuthorizationError.USER_PERMISSION_DENIED @ ; trigger:'<null>']
[Nov 23 2016 12:47:43.000000 - ERROR] effectiveUser=582-201-7810 service=CampaignCriterionService method=mutate operators={SET: 1} responseTime=74 requestId=000541f674f5c3a80a62dfc2350fc6d1 operations=1 units= server=adwords.google.com isFault=true faultMessage=[AuthorizationError.USER_PERMISSION_DENIED @ ; trigger:'<null>']
[Nov 23 2016 12:48:25.000000 - ERROR] effectiveUser=582-201-7810 service=CampaignCriterionService method=mutate operators={SET: 1} responseTime=90 requestId=000541f677785f780a621bc55e0bba5d operations=1 units= server=adwords.google.com isFault=true faultMessage=[AuthorizationError.USER_PERMISSION_DENIED @ ; trigger:'<null>']
[Nov 23 2016 12:48:43.000000 - ERROR] effectiveUser=582-201-7810 service=CampaignCriterionService method=mutate operators={SET: 1} responseTime=76 requestId=000541f6788a73880a629559310a70b4 operations=1 units= server=adwords.google.com isFault=true faultMessage=[AuthorizationError.USER_PERMISSION_DENIED @ ; trigger:'<null>']
[Nov 23 2016 12:53:56.000000 - ERROR] effectiveUser=582-201-7810 service=CampaignCriterionService method=mutate operators={SET: 1} responseTime=88 requestId=000541f68b3431180a62a3c13f06560a operations=1 units= server=adwords.google.com isFault=true faultMessage=[AuthorizationError.USER_PERMISSION_DENIED @ ; trigger:'<null>']
[Nov 23 2016 12:54:12.000000 - ERROR] effectiveUser=582-201-7810 service=CampaignCriterionService method=mutate operators={SET: 1} responseTime=97 requestId=000541f68c2509580a6289daa10a99ad operations=1 units= server=adwords.google.com isFault=true faultMessage=[AuthorizationError.USER_PERMISSION_DENIED @ ; trigger:'<null>']
[Nov 23 2016 12:54:35.000000 - ERROR] effectiveUser=582-201-7810 service=CampaignCriterionService method=mutate operators={SET: 1} responseTime=89 requestId=000541f68d8a52300a6289daa10a99ad operations=1 units= server=adwords.google.com isFault=true faultMessage=[AuthorizationError.USER_PERMISSION_DENIED @ ; trigger:'<null>']
[Nov 23 2016 12:55:15.000000 - ERROR] effectiveUser=248-667-0218 service=CampaignCriterionService method=mutate operators={SET: 1} responseTime=135 requestId=000541f68fe205a00a620585040a929f operations=1 units= server=adwords.google.com isFault=true faultMessage=[EntityNotFound.INVALID_ID @ operations[0].operand.campaignId; trigger:'CampaignId: 668440210']
[Nov 23 2016 12:55:24.000000 - INFO] effectiveUser=248-667-0218 service=CampaignCriterionService method=mutate operators={SET: 1} responseTime=133 requestId=000541f6906fc6b00a62095dda0dbb79 operations=1 units= server=adwords.google.com isFault=false faultMessage=null
[Nov 23 2016 12:57:03.000000 - ERROR] effectiveUser=248-667-0218 service=CampaignCriterionService method=mutate operators={SET: 1} responseTime=126 requestId=000541f6965392c80a62dfd583046974 operations=1 units= server=adwords.google.com isFault=true faultMessage=[EntityNotFound.INVALID_ID @ operations[0].operand.criterion; trigger:'CriterionId{id=630264}']
[Nov 23 2016 12:59:12.000000 - INFO] effectiveUser=248-667-0218 service=CampaignCriterionService method=mutate operators={SET: 1} responseTime=156 requestId=000541f69e004b880a62c014be023d1e operations=1 units= server=adwords.google.com isFault=false faultMessage=null
[Nov 23 2016 12:59:54.000000 - INFO] effectiveUser=248-667-0218 service=CampaignCriterionService method=mutate operators={SET: 1} responseTime=256 requestId=000541f6a08652580a620f474c0795ac operations=1 units= server=adwords.google.com isFault=false faultMessage=null
[Nov 23 2016 13:03:02.000000 - INFO] effectiveUser=248-667-0218 service=CampaignCriterionService method=mutate operators={SET: 1} responseTime=201 requestId=000541f6abbe0a800a624944d20af8d0 operations=1 units= server=adwords.google.com isFault=false faultMessage=null
[Nov 24 2016 12:12:14.000000 - INFO] effectiveUser=617-755-5961 service=AdGroupCriterionService method=mutate operators={SET: 1} responseTime=211 requestId=0005420a13df07790a628d4fc6026417 operations=1 units= server=adwords.google.com isFault=false faultMessage=null
[Nov 24 2016 12:14:08.000000 - INFO] effectiveUser=617-755-5961 service=AdGroupCriterionService method=mutate operators={SET: 1} responseTime=218 requestId=0005420a1aaa7c400a62448b25047f58 operations=1 units= server=adwords.google.com isFault=false faultMessage=null
[Nov 24 2016 12:15:31.000000 - INFO] effectiveUser=617-755-5961 service=AdGroupCriterionService method=mutate operators={SET: 1} responseTime=190 requestId=0005420a1fa2a4200a62628473058701 operations=1 units= server=adwords.google.com isFault=false faultMessage=null
[Nov 24 2016 12:16:03.000000 - INFO] effectiveUser=617-755-5961 service=AdGroupCriterionService method=mutate operators={SET: 1} responseTime=156 requestId=0005420a2189e2800a62118d04018c67 operations=1 units= server=adwords.google.com isFault=false faultMessage=null
[Nov 24 2016 12:16:32.000000 - INFO] effectiveUser=617-755-5961 service=AdGroupCriterionService method=mutate operators={SET: 1} responseTime=207 requestId=0005420a234503e80a6205851b0cc42b operations=1 units= server=adwords.google.com isFault=false faultMessage=null
[Nov 24 2016 12:19:10.000000 - INFO] effectiveUser=617-755-5961 service=AdGroupCriterionService method=mutate operators={SET: 1} responseTime=165 requestId=0005420a2caba5900a62668e8f00d876 operations=1 units= server=adwords.google.com isFault=false faultMessage=null
[Nov 24 2016 12:21:29.000000 - INFO] effectiveUser=617-755-5961 service=AdGroupCriterionService method=mutate operators={SET: 1} responseTime=339 requestId=0005420a34f44c480a62ca949a0e1888 operations=1 units= server=adwords.google.com isFault=false faultMessage=null
[Nov 27 2016 05:01:32.000000 - INFO] effectiveUser=248-667-0218 service=FeedService method=query operators={} responseTime=161 requestId=000542406911d2090a62dfc2350fc6d1 operations=1 units= server=adwords.google.com isFault=false faultMessage=null
[Nov 27 2016 05:01:53.000000 - INFO] effectiveUser=248-667-0218 service=FeedService method=query operators={} responseTime=234 requestId=000542406a469cd00a62ca0fb00bb937 operations=1 units= server=adwords.google.com isFault=false faultMessage=null
[Nov 27 2016 05:02:26.000000 - INFO] effectiveUser=881-804-9978 service=FeedService method=query operators={} responseTime=158 requestId=000542406c4192100a624e42eb0ef3d0 operations=1 units= server=adwords.google.com isFault=false faultMessage=null
[Nov 27 2016 05:05:01.000000 - INFO] effectiveUser=202-295-7084 service=FeedService method=query operators={} responseTime=234 requestId=000542407582b9f80a624a478a0d50a9 operations=1 units= server=adwords.google.com isFault=false faultMessage=null
[Nov 27 2016 05:16:40.000000 - INFO] effectiveUser=202-295-7084 service=FeedService method=query operators={} responseTime=208 requestId=000542409f2c83600a621bd652052d32 operations=1 units= server=adwords.google.com isFault=false faultMessage=null
[Nov 27 2016 05:16:54.000000 - INFO] effectiveUser=202-295-7084 service=FeedService method=query operators={} responseTime=130 requestId=00054240a000ee480a624986190f0521 operations=1 units= server=adwords.google.com isFault=false faultMessage=null
[Nov 27 2016 05:18:18.000000 - INFO] effectiveUser=881-804-9978 service=FeedService method=query operators={} responseTime=150 requestId=00054240a50683a80a623a14bb0990e0 operations=1 units= server=adwords.google.com isFault=false faultMessage=null
[Nov 27 2016 05:22:44.000000 - INFO] effectiveUser=881-804-9978 service=FeedService method=query operators={} responseTime=258 requestId=00054240b4d748080a62c095b905c38e operations=1 units= server=adwords.google.com isFault=false faultMessage=null
[Nov 27 2016 05:23:06.000000 - INFO] effectiveUser=881-804-9978 service=FeedService method=query operators={} responseTime=117 requestId=00054240b63169680a629582c40d0eac operations=1 units= server=adwords.google.com isFault=false faultMessage=null
[Nov 27 2016 05:23:26.000000 - INFO] effectiveUser=881-804-9978 service=FeedService method=query operators={} responseTime=161 requestId=00054240b757c4e10a62830fd1088a3d operations=1 units= server=adwords.google.com isFault=false faultMessage=null
[Nov 27 2016 05:51:50.000000 - INFO] effectiveUser=881-804-9978 service=AdGroupAdService method=get operators={IN: 2} responseTime=454 requestId=000542411cef71b80a623a14bb0990e0 operations=1 units= server=adwords.google.com isFault=false faultMessage=null
[Nov 27 2016 05:52:16.000000 - ERROR] effectiveUser=881-804-9978 service=AdGroupAdService method=get operators={OUT: 1, IN: 1} responseTime=115 requestId=000542411e7571900a6296912f0e306d operations=1 units= server=adwords.google.com isFault=true faultMessage=[SelectorError.MISSING_PREDICATE_OPERATOR @ serviceSelector, RequiredError.REQUIRED @ serviceSelector.predicates[0].operator]
[Nov 27 2016 05:52:55.000000 - INFO] effectiveUser=881-804-9978 service=AdGroupAdService method=get operators={NOT_IN: 1, IN: 1} responseTime=445 requestId=0005424120bef0490a62dcd4d00fd199 operations=1 units= server=adwords.google.com isFault=false faultMessage=null
[Nov 27 2016 05:52:56.000000 - INFO] effectiveUser=881-804-9978 service=AdGroupAdService method=get operators={NOT_IN: 1, IN: 1} responseTime=466 requestId=0005424120cf57800a629ec71f08dcc2 operations=1 units= server=adwords.google.com isFault=false faultMessage=null
[Nov 27 2016 05:52:57.000000 - INFO] effectiveUser=881-804-9978 service=AdGroupAdService method=get operators={NOT_IN: 1, IN: 1} responseTime=376 requestId=0005424120df41b80a622507430c9900 operations=1 units= server=adwords.google.com isFault=false faultMessage=null
[Nov 27 2016 05:52:58.000000 - INFO] effectiveUser=881-804-9978 service=AdGroupAdService method=get operators={NOT_IN: 1, IN: 1} responseTime=393 requestId=0005424120ed95b00a623a14bb0990e0 operations=1 units= server=adwords.google.com isFault=false faultMessage=null
[Nov 27 2016 05:52:59.000000 - INFO] effectiveUser=881-804-9978 service=AdGroupAdService method=get operators={NOT_IN: 1, IN: 1} responseTime=426 requestId=0005424120fc2ff80a621ad8fa04199e operations=1 units= server=adwords.google.com isFault=false faultMessage=null
[Nov 27 2016 05:53:00.000000 - INFO] effectiveUser=881-804-9978 service=AdGroupAdService method=get operators={NOT_IN: 1, IN: 1} responseTime=414 requestId=00054241210b47400a621d4dbe0819f0 operations=1 units= server=adwords.google.com isFault=false faultMessage=null
[Nov 27 2016 05:53:01.000000 - INFO] effectiveUser=881-804-9978 service=AdGroupAdService method=get operators={NOT_IN: 1, IN: 1} responseTime=447 requestId=00054241211d48a00a6246581e0b4c51 operations=1 units= server=adwords.google.com isFault=false faultMessage=null
[Nov 27 2016 05:53:02.000000 - INFO] effectiveUser=881-804-9978 service=AdGroupAdService method=get operators={NOT_IN: 1, IN: 1} responseTime=447 requestId=00054241212d23380a6298db10034443 operations=1 units= server=adwords.google.com isFault=false faultMessage=null
[Nov 27 2016 05:53:03.000000 - INFO] effectiveUser=881-804-9978 service=AdGroupAdService method=get operators={NOT_IN: 1, IN: 1} responseTime=387 requestId=00054241213d9df80a62ca0fb00bb937 operations=1 units= server=adwords.google.com isFault=false faultMessage=null
[Nov 27 2016 05:53:04.000000 - INFO] effectiveUser=881-804-9978 service=AdGroupAdService method=get operators={NOT_IN: 1, IN: 1} responseTime=427 requestId=00054241214c6b080a6298db10034443 operations=1 units= server=adwords.google.com isFault=false faultMessage=null
[Nov 27 2016 05:53:05.000000 - INFO] effectiveUser=881-804-9978 service=AdGroupAdService method=get operators={NOT_IN: 1, IN: 1} responseTime=396 requestId=00054241215da9180a620d556209e4b6 operations=1 units= server=adwords.google.com isFault=false faultMessage=null
[Nov 27 2016 05:53:06.000000 - INFO] effectiveUser=881-804-9978 service=AdGroupAdService method=get operators={NOT_IN: 1, IN: 1} responseTime=389 requestId=00054241216cb4a80a62830fd1088a3d operations=1 units= server=adwords.google.com isFault=false faultMessage=null
[Nov 27 2016 05:53:07.000000 - INFO] effectiveUser=881-804-9978 service=AdGroupAdService method=get operators={NOT_IN: 1, IN: 1} responseTime=371 requestId=00054241217bdb900a62a3c13f06560a operations=1 units= server=adwords.google.com isFault=false faultMessage=null
[Nov 27 2016 05:53:51.000000 - INFO] effectiveUser=881-804-9978 service=AdGroupAdService method=get operators={IN: 2} responseTime=184 requestId=0005424124262f580a62628473058701 operations=1 units= server=adwords.google.com isFault=false faultMessage=null
[Nov 27 2016 05:54:31.000000 - INFO] effectiveUser=881-804-9978 service=AdGroupAdService method=get operators={IN: 2} responseTime=222 requestId=00054241268a8cf90a6223d86007e4f1 operations=1 units= server=adwords.google.com isFault=false faultMessage=null
[Nov 27 2016 05:56:09.000000 - ERROR] effectiveUser=881-804-9978 service=AdGroupAdService method=get operators={IN: 2} responseTime=106 requestId=000542412c5a6b810a6298db10034443 operations=1 units= server=adwords.google.com isFault=true faultMessage=[SelectorError.INVALID_FIELD_NAME @ serviceSelector; trigger:'headline', SelectorError.INVALID_FIELD_NAME @ serviceSelector; trigger:'description1', SelectorError.INVALID_FIELD_NAME @ serviceSelector; trigger:'description2']
[Nov 27 2016 05:56:44.000000 - INFO] effectiveUser=881-804-9978 service=AdGroupAdService method=get operators={IN: 2} responseTime=264 requestId=000542412e6cfbb80a6289daa10a99ad operations=1 units= server=adwords.google.com isFault=false faultMessage=null
[Nov 27 2016 05:57:12.000000 - INFO] effectiveUser=881-804-9978 service=AdGroupAdService method=get operators={IN: 2} responseTime=146 requestId=00054241302713810a628b192a0cb8ba operations=1 units= server=adwords.google.com isFault=false faultMessage=null
[Nov 27 2016 05:57:38.000000 - INFO] effectiveUser=881-804-9978 service=AdGroupAdService method=get operators={IN: 2} responseTime=235 requestId=0005424131ab71600a62628473058701 operations=1 units= server=adwords.google.com isFault=false faultMessage=null
[Nov 27 2016 05:59:20.000000 - INFO] effectiveUser=881-804-9978 service=AdGroupAdService method=get operators={IN: 2} responseTime=289 requestId=0005424137c053e00a624e14840a409e operations=1 units= server=adwords.google.com isFault=false faultMessage=null
[Nov 27 2016 06:00:01.000000 - INFO] effectiveUser=881-804-9978 service=AdGroupAdService method=get operators={IN: 2} responseTime=193 requestId=000542413a2770a00a62cd497a03695b operations=1 units= server=adwords.google.com isFault=false faultMessage=null
[Nov 27 2016 06:00:26.000000 - INFO] effectiveUser=881-804-9978 service=AdGroupAdService method=get operators={IN: 2} responseTime=253 requestId=000542413ba81d300a62628473058701 operations=1 units= server=adwords.google.com isFault=false faultMessage=null
[Nov 27 2016 06:00:40.000000 - INFO] effectiveUser=881-804-9978 service=AdGroupAdService method=get operators={IN: 2} responseTime=213 requestId=000542413c83eab90a621606a7016494 operations=1 units= server=adwords.google.com isFault=false faultMessage=null
[Nov 27 2016 06:01:04.000000 - INFO] effectiveUser=881-804-9978 service=AdGroupAdService method=get operators={IN: 2} responseTime=201 requestId=000542413dec7b690a6296912f0e306d operations=1 units= server=adwords.google.com isFault=false faultMessage=null
[Nov 27 2016 06:01:19.000000 - INFO] effectiveUser=881-804-9978 service=AdGroupAdService method=get operators={IN: 2} responseTime=158 requestId=000542413ed28dd90a620f474c0795ac operations=1 units= server=adwords.google.com isFault=false faultMessage=null
[Nov 27 2016 06:01:26.000000 - INFO] effectiveUser=881-804-9978 service=AdGroupAdService method=get operators={IN: 2} responseTime=148 requestId=000542413f3c48400a6226429304a6a4 operations=1 units= server=adwords.google.com isFault=false faultMessage=null
[Nov 27 2016 06:01:36.000000 - INFO] effectiveUser=881-804-9978 service=AdGroupAdService method=get operators={IN: 2} responseTime=278 requestId=000542413fdb72580a6210501d0b17d5 operations=1 units= server=adwords.google.com isFault=false faultMessage=null
[Nov 27 2016 06:02:08.000000 - INFO] effectiveUser=881-804-9978 service=AdGroupAdService method=get operators={IN: 2} responseTime=125 requestId=0005424141bdb3600a6296912f0e306d operations=1 units= server=adwords.google.com isFault=false faultMessage=null
[Nov 27 2016 06:02:18.000000 - INFO] effectiveUser=881-804-9978 service=AdGroupAdService method=get operators={IN: 2} responseTime=129 requestId=00054241425ad5f00a62399b880f1181 operations=1 units= server=adwords.google.com isFault=false faultMessage=null
[Nov 27 2016 06:02:43.000000 - INFO] effectiveUser=881-804-9978 service=AdGroupAdService method=get operators={IN: 2} responseTime=265 requestId=0005424143e097480a623a14bb0990e0 operations=1 units= server=adwords.google.com isFault=false faultMessage=null
[Nov 27 2016 06:02:57.000000 - INFO] effectiveUser=881-804-9978 service=AdGroupAdService method=get operators={IN: 2} responseTime=249 requestId=0005424144b661c00a62118d04018c67 operations=1 units= server=adwords.google.com isFault=false faultMessage=null
[Nov 27 2016 06:05:23.000000 - INFO] effectiveUser=881-804-9978 service=AdGroupAdService method=get operators={IN: 2} responseTime=239 requestId=000542414d6678f00a62d6487805e226 operations=1 units= server=adwords.google.com isFault=false faultMessage=null
[Nov 27 2016 06:06:33.000000 - INFO] effectiveUser=881-804-9978 service=AdGroupAdService method=get operators={IN: 2} responseTime=1091 requestId=0005424151842ef00a6246581e0b4c51 operations=1 units= server=adwords.google.com isFault=false faultMessage=null
[Nov 27 2016 06:06:50.000000 - INFO] effectiveUser=881-804-9978 service=AdGroupAdService method=get operators={IN: 2} responseTime=251 requestId=000542415294c8180a626752010e6ff9 operations=1 units= server=adwords.google.com isFault=false faultMessage=null
[Nov 27 2016 06:07:20.000000 - INFO] effectiveUser=881-804-9978 service=AdGroupAdService method=get operators={IN: 2} responseTime=126 requestId=00054241545ef1280a6269864a085e84 operations=1 units= server=adwords.google.com isFault=false faultMessage=null
[Nov 27 2016 06:07:29.000000 - INFO] effectiveUser=881-804-9978 service=AdGroupAdService method=get operators={IN: 2} responseTime=125 requestId=0005424154eea6380a620f474c0795ac operations=1 units= server=adwords.google.com isFault=false faultMessage=null
[Nov 27 2016 06:07:52.000000 - INFO] effectiveUser=881-804-9978 service=AdGroupAdService method=get operators={IN: 2} responseTime=230 requestId=00054241563d52000a624bc8f60fa4cf operations=1 units= server=adwords.google.com isFault=false faultMessage=null
[Nov 27 2016 06:09:57.000000 - ERROR] effectiveUser=881-804-9978 service=AdGroupAdService method=query operators={} responseTime=128 requestId=000542415db648c00a62d316510a9d4d operations=1 units= server=adwords.google.com isFault=true faultMessage=[QueryError{reason=INVALID_WHERE_CLAUSE, message=}]
[Nov 27 2016 06:10:31.000000 - ERROR] effectiveUser=881-804-9978 service=AdGroupAdService method=query operators={} responseTime=88 requestId=000542415fc68b200a623a14bb0990e0 operations=1 units= server=adwords.google.com isFault=true faultMessage=[QueryError{reason=INVALID_WHERE_CLAUSE, message=}]
[Nov 27 2016 06:10:53.000000 - INFO] effectiveUser=881-804-9978 service=AdGroupAdService method=query operators={} responseTime=2405 requestId=0005424160c5bf290a629b09f00eaeeb operations=1 units= server=adwords.google.com isFault=false faultMessage=null
[Nov 27 2016 07:35:13.000000 - INFO] effectiveUser=881-804-9978 service=AdGroupAdService method=query operators={} responseTime=2717 requestId=000542428e5c3a880a6214d2b7026436 operations=1 units= server=adwords.google.com isFault=false faultMessage=null
[Nov 27 2016 07:37:18.000000 - INFO] effectiveUser=881-804-9978 service=AdGroupAdService method=query operators={} responseTime=2322 requestId=0005424295ce4ba80a622507430c9900 operations=1 units= server=adwords.google.com isFault=false faultMessage=null
[Nov 27 2016 07:39:18.000000 - INFO] effectiveUser=881-804-9978 service=AdGroupAdService method=query operators={} responseTime=252 requestId=000542429d42f0f10a624092d409a1d1 operations=1 units= server=adwords.google.com isFault=false faultMessage=null
[Nov 27 2016 07:39:33.000000 - INFO] effectiveUser=881-804-9978 service=AdGroupAdService method=query operators={} responseTime=242 requestId=000542429e2ea8b10a62528ab00e4c84 operations=1 units= server=adwords.google.com isFault=false faultMessage=null
[Nov 27 2016 07:40:37.000000 - INFO] effectiveUser=881-804-9978 service=AdGroupAdService method=query operators={} responseTime=280 requestId=00054242a1fd8ee80a62628473058701 operations=1 units= server=adwords.google.com isFault=false faultMessage=null
[Nov 27 2016 07:40:38.000000 - INFO] effectiveUser=881-804-9978 service=AdGroupAdService method=query operators={} responseTime=297 requestId=00054242a2059d680a62dcd4d00fd199 operations=1 units= server=adwords.google.com isFault=false faultMessage=null
[Nov 27 2016 07:44:45.000000 - INFO] effectiveUser=881-804-9978 service=FeedService method=query operators={} responseTime=353 requestId=00054242b0baa1280a629ec71f08dcc2 operations=1 units= server=adwords.google.com isFault=false faultMessage=null
[Nov 27 2016 07:44:57.000000 - INFO] effectiveUser=881-804-9978 service=FeedService method=query operators={} responseTime=91 requestId=00054242b18173980a6226429304a6a4 operations=1 units= server=adwords.google.com isFault=false faultMessage=null
[Nov 27 2016 07:44:59.000000 - INFO] effectiveUser=881-804-9978 service=AdGroupAdService method=query operators={} responseTime=194 requestId=00054242b19774680a624944d20af8d0 operations=1 units= server=adwords.google.com isFault=false faultMessage=null
[Nov 27 2016 07:45:00.000000 - INFO] effectiveUser=881-804-9978 service=AdGroupAdService method=query operators={} responseTime=244 requestId=00054242b19d9e880a624e14840a409e operations=1 units= server=adwords.google.com isFault=false faultMessage=null
[Nov 27 2016 07:54:56.000000 - INFO] effectiveUser=202-295-7084 service=FeedService method=query operators={} responseTime=147 requestId=00054242d52d4d800a62528ab00e4c84 operations=1 units= server=adwords.google.com isFault=false faultMessage=null
[Nov 27 2016 07:54:58.000000 - INFO] effectiveUser=202-295-7084 service=AdGroupAdService method=query operators={} responseTime=256 requestId=00054242d545d6c00a62dfc2350fc6d1 operations=1 units= server=adwords.google.com isFault=false faultMessage=null
[Nov 27 2016 07:54:58.000000 - INFO] effectiveUser=202-295-7084 service=AdGroupAdService method=query operators={} responseTime=172 requestId=00054242d54d02b00a62501ae208e753 operations=1 units= server=adwords.google.com isFault=false faultMessage=null
[Nov 27 2016 07:55:31.000000 - INFO] effectiveUser=202-295-7084 service=FeedService method=query operators={} responseTime=140 requestId=00054242d74461f80a624944d20af8d0 operations=1 units= server=adwords.google.com isFault=false faultMessage=null
[Nov 27 2016 07:55:34.000000 - INFO] effectiveUser=202-295-7084 service=AdGroupAdService method=query operators={} responseTime=155 requestId=00054242d76dfe500a62448b25047f58 operations=1 units= server=adwords.google.com isFault=false faultMessage=null
[Nov 27 2016 07:55:34.000000 - INFO] effectiveUser=202-295-7084 service=AdGroupAdService method=query operators={} responseTime=86 requestId=00054242d773ce980a622ac93a0d8f89 operations=1 units= server=adwords.google.com isFault=false faultMessage=null
[Nov 27 2016 07:55:47.000000 - INFO] effectiveUser=202-295-7084 service=FeedService method=query operators={} responseTime=97 requestId=00054242d83198880a62cc0560011470 operations=1 units= server=adwords.google.com isFault=false faultMessage=null
[Nov 27 2016 07:55:48.000000 - INFO] effectiveUser=202-295-7084 service=AdGroupAdService method=query operators={} responseTime=94 requestId=00054242d84b4aa80a624944d20af8d0 operations=1 units= server=adwords.google.com isFault=false faultMessage=null
[Nov 27 2016 07:55:49.000000 - INFO] effectiveUser=202-295-7084 service=AdGroupAdService method=query operators={} responseTime=85 requestId=00054242d8507eb10a62501ae208e753 operations=1 units= server=adwords.google.com isFault=false faultMessage=null
[Nov 27 2016 08:06:49.000000 - INFO] effectiveUser=202-295-7084 service=FeedService method=query operators={} responseTime=141 requestId=00054242ffb238900a622507430c9900 operations=1 units= server=adwords.google.com isFault=false faultMessage=null
[Nov 27 2016 08:06:51.000000 - INFO] effectiveUser=202-295-7084 service=AdGroupAdService method=query operators={} responseTime=186 requestId=00054242ffcac9a00a620d556209e4b6 operations=1 units= server=adwords.google.com isFault=false faultMessage=null
[Nov 27 2016 08:06:51.000000 - INFO] effectiveUser=202-295-7084 service=AdGroupAdService method=query operators={} responseTime=173 requestId=00054242ffd0ebf00a629559310a70b4 operations=1 units= server=adwords.google.com isFault=false faultMessage=null
[Nov 27 2016 08:07:43.000000 - INFO] effectiveUser=202-295-7084 service=FeedService method=query operators={} responseTime=138 requestId=0005424302e173c80a629ec71f08dcc2 operations=1 units= server=adwords.google.com isFault=false faultMessage=null
[Nov 27 2016 08:07:44.000000 - INFO] effectiveUser=202-295-7084 service=AdGroupAdService method=query operators={} responseTime=183 requestId=0005424302f759410a622ac93a0d8f89 operations=1 units= server=adwords.google.com isFault=false faultMessage=null
[Nov 27 2016 08:07:45.000000 - INFO] effectiveUser=202-295-7084 service=AdGroupAdService method=query operators={} responseTime=130 requestId=0005424302fd9ad10a6210501d0b17d5 operations=1 units= server=adwords.google.com isFault=false faultMessage=null
[Nov 27 2016 08:08:04.000000 - INFO] effectiveUser=202-295-7084 service=FeedService method=query operators={} responseTime=81 requestId=00054243042676e80a626451020ad9f1 operations=1 units= server=adwords.google.com isFault=false faultMessage=null
[Nov 27 2016 08:08:06.000000 - INFO] effectiveUser=202-295-7084 service=AdGroupAdService method=query operators={} responseTime=146 requestId=00054243043d98c80a6210501d0b17d5 operations=1 units= server=adwords.google.com isFault=false faultMessage=null
[Nov 27 2016 08:08:06.000000 - INFO] effectiveUser=202-295-7084 service=AdGroupAdService method=query operators={} responseTime=135 requestId=0005424304436cf80a62dcd4d00fd199 operations=1 units= server=adwords.google.com isFault=false faultMessage=null
[Nov 27 2016 08:08:42.000000 - INFO] effectiveUser=202-295-7084 service=FeedService method=query operators={} responseTime=129 requestId=00054243066b1b700a62ca0fb00bb937 operations=1 units= server=adwords.google.com isFault=false faultMessage=null
[Nov 27 2016 08:08:44.000000 - INFO] effectiveUser=202-295-7084 service=AdGroupAdService method=query operators={} responseTime=143 requestId=000542430683cbc00a621783ad01b886 operations=1 units= server=adwords.google.com isFault=false faultMessage=null
[Nov 27 2016 08:08:44.000000 - INFO] effectiveUser=202-295-7084 service=AdGroupAdService method=query operators={} responseTime=130 requestId=00054243068a7e980a62870af70f1ec8 operations=1 units= server=adwords.google.com isFault=false faultMessage=null
[Nov 27 2016 08:09:19.000000 - INFO] effectiveUser=202-295-7084 service=FeedService method=query operators={} responseTime=104 requestId=00054243089e3f800a624e14840a409e operations=1 units= server=adwords.google.com isFault=false faultMessage=null
[Nov 27 2016 08:09:20.000000 - INFO] effectiveUser=202-295-7084 service=AdGroupAdService method=query operators={} responseTime=152 requestId=0005424308b4bd500a620f474c0795ac operations=1 units= server=adwords.google.com isFault=false faultMessage=null
[Nov 27 2016 08:09:21.000000 - INFO] effectiveUser=202-295-7084 service=AdGroupAdService method=query operators={} responseTime=158 requestId=0005424308ba85c90a6210501d0b17d5 operations=1 units= server=adwords.google.com isFault=false faultMessage=null
[Nov 27 2016 08:10:01.000000 - INFO] effectiveUser=202-295-7084 service=FeedService method=query operators={} responseTime=95 requestId=000542430b1e8d780a62644e5500332c operations=1 units= server=adwords.google.com isFault=false faultMessage=null
[Nov 27 2016 08:10:03.000000 - INFO] effectiveUser=202-295-7084 service=AdGroupAdService method=query operators={} responseTime=149 requestId=000542430b3eeaa00a62a3c13f06560a operations=1 units= server=adwords.google.com isFault=false faultMessage=null
[Nov 27 2016 08:10:04.000000 - INFO] effectiveUser=202-295-7084 service=AdGroupAdService method=query operators={} responseTime=136 requestId=000542430b4e63900a621c10db0a1bf5 operations=1 units= server=adwords.google.com isFault=false faultMessage=null
[Nov 27 2016 08:10:31.000000 - INFO] effectiveUser=202-295-7084 service=FeedService method=query operators={} responseTime=111 requestId=000542430ce8a3010a624f898f0d8d70 operations=1 units= server=adwords.google.com isFault=false faultMessage=null
[Nov 27 2016 08:10:32.000000 - INFO] effectiveUser=202-295-7084 service=AdGroupAdService method=query operators={} responseTime=147 requestId=000542430cfe55b10a62dcd4d00fd199 operations=1 units= server=adwords.google.com isFault=false faultMessage=null
[Nov 27 2016 08:10:33.000000 - INFO] effectiveUser=202-295-7084 service=AdGroupAdService method=query operators={} responseTime=82 requestId=000542430d0478000a62205a84001ecf operations=1 units= server=adwords.google.com isFault=false faultMessage=null
[Nov 27 2016 08:10:52.000000 - INFO] effectiveUser=202-295-7084 service=FeedService method=query operators={} responseTime=81 requestId=000542430e2f7ec80a62668e8f00d876 operations=1 units= server=adwords.google.com isFault=false faultMessage=null
[Nov 27 2016 08:10:54.000000 - INFO] effectiveUser=202-295-7084 service=AdGroupAdService method=query operators={} responseTime=98 requestId=000542430e4410680a625c85de04303b operations=1 units= server=adwords.google.com isFault=false faultMessage=null
[Nov 27 2016 08:10:54.000000 - INFO] effectiveUser=202-295-7084 service=AdGroupAdService method=query operators={} responseTime=82 requestId=000542430e48cf400a629ec71f08dcc2 operations=1 units= server=adwords.google.com isFault=false faultMessage=null
[Nov 27 2016 08:11:50.000000 - INFO] effectiveUser=202-295-7084 service=FeedService method=query operators={} responseTime=101 requestId=00054243119c7e800a620d556209e4b6 operations=1 units= server=adwords.google.com isFault=false faultMessage=null
[Nov 27 2016 08:11:52.000000 - INFO] effectiveUser=202-295-7084 service=AdGroupAdService method=query operators={} responseTime=260 requestId=0005424311b45be00a621bc55e0bba5d operations=1 units= server=adwords.google.com isFault=false faultMessage=null
[Nov 27 2016 08:11:52.000000 - INFO] effectiveUser=202-295-7084 service=AdGroupAdService method=query operators={} responseTime=142 requestId=0005424311bba3280a624986190f0521 operations=1 units= server=adwords.google.com isFault=false faultMessage=null
[Nov 27 2016 08:12:01.000000 - INFO] effectiveUser=202-295-7084 service=FeedService method=query operators={} responseTime=135 requestId=0005424312437c800a629d4dff0457da operations=1 units= server=adwords.google.com isFault=false faultMessage=null
[Nov 27 2016 08:12:02.000000 - INFO] effectiveUser=202-295-7084 service=AdGroupAdService method=query operators={} responseTime=90 requestId=00054243125ae8980a622ac93a0d8f89 operations=1 units= server=adwords.google.com isFault=false faultMessage=null
[Nov 27 2016 08:12:03.000000 - INFO] effectiveUser=202-295-7084 service=AdGroupAdService method=query operators={} responseTime=193 requestId=00054243125fc2c80a6215897f0308a9 operations=1 units= server=adwords.google.com isFault=false faultMessage=null
[Nov 27 2016 08:12:18.000000 - INFO] effectiveUser=202-295-7084 service=FeedService method=query operators={} responseTime=84 requestId=00054243134c51600a62205a84001ecf operations=1 units= server=adwords.google.com isFault=false faultMessage=null
[Nov 27 2016 08:12:20.000000 - INFO] effectiveUser=202-295-7084 service=AdGroupAdService method=query operators={} responseTime=161 requestId=000542431361a6500a62c014be023d1e operations=1 units= server=adwords.google.com isFault=false faultMessage=null
[Nov 27 2016 08:12:20.000000 - INFO] effectiveUser=202-295-7084 service=AdGroupAdService method=query operators={} responseTime=81 requestId=000542431367ad480a621783ad01b886 operations=1 units= server=adwords.google.com isFault=false faultMessage=null
[Nov 27 2016 08:13:15.000000 - INFO] effectiveUser=202-295-7084 service=FeedService method=query operators={} responseTime=139 requestId=0005424316b522c80a624986190f0521 operations=1 units= server=adwords.google.com isFault=false faultMessage=null
[Nov 27 2016 08:13:17.000000 - INFO] effectiveUser=202-295-7084 service=AdGroupAdService method=query operators={} responseTime=184 requestId=0005424316cc29500a6226429304a6a4 operations=1 units= server=adwords.google.com isFault=false faultMessage=null
[Nov 27 2016 08:13:17.000000 - INFO] effectiveUser=202-295-7084 service=AdGroupAdService method=query operators={} responseTime=151 requestId=0005424316d282500a62cfc4ca0c6fc8 operations=1 units= server=adwords.google.com isFault=false faultMessage=null
[Nov 27 2016 08:14:53.000000 - INFO] effectiveUser=202-295-7084 service=FeedService method=query operators={} responseTime=119 requestId=000542431c8413080a6296912f0e306d operations=1 units= server=adwords.google.com isFault=false faultMessage=null
[Nov 27 2016 08:14:54.000000 - INFO] effectiveUser=202-295-7084 service=AdGroupAdService method=query operators={} responseTime=279 requestId=000542431c99a2910a62a3c13f06560a operations=1 units= server=adwords.google.com isFault=false faultMessage=null
[Nov 27 2016 08:14:55.000000 - INFO] effectiveUser=202-295-7084 service=AdGroupAdService method=query operators={} responseTime=154 requestId=000542431ca162f00a62dfc2350fc6d1 operations=1 units= server=adwords.google.com isFault=false faultMessage=null
[Nov 27 2016 08:19:47.000000 - INFO] effectiveUser=202-295-7084 service=FeedService method=query operators={} responseTime=137 requestId=000542432e10ac800a624f898f0d8d70 operations=1 units= server=adwords.google.com isFault=false faultMessage=null
[Nov 27 2016 08:19:49.000000 - INFO] effectiveUser=202-295-7084 service=AdGroupAdService method=query operators={} responseTime=174 requestId=000542432e2647c00a623d8e4208e251 operations=1 units= server=adwords.google.com isFault=false faultMessage=null
[Nov 27 2016 08:19:49.000000 - INFO] effectiveUser=202-295-7084 service=AdGroupAdService method=query operators={} responseTime=143 requestId=000542432e2c71e00a6219c9e403a7c6 operations=1 units= server=adwords.google.com isFault=false faultMessage=null
[Nov 27 2016 08:46:30.000000 - INFO] effectiveUser=202-295-7084 service=FeedService method=query operators={} responseTime=143 requestId=000542438d93ccc80a62d688580f0852 operations=1 units= server=adwords.google.com isFault=false faultMessage=null
[Nov 27 2016 08:46:31.000000 - INFO] effectiveUser=202-295-7084 service=AdGroupAdService method=query operators={} responseTime=218 requestId=000542438da9d9500a62d6487805e226 operations=1 units= server=adwords.google.com isFault=false faultMessage=null
[Nov 27 2016 08:46:32.000000 - INFO] effectiveUser=202-295-7084 service=AdGroupAdService method=query operators={} responseTime=283 requestId=000542438db097e10a6223d86007e4f1 operations=1 units= server=adwords.google.com isFault=false faultMessage=null
[Nov 27 2016 10:38:29.000000 - INFO] effectiveUser=881-804-9978 service=CampaignService method=query operators={} responseTime=156 requestId=000542451e0daa700a62c014be023d1e operations=1 units= server=adwords.google.com isFault=false faultMessage=null
[Nov 27 2016 10:38:29.000000 - ERROR] effectiveUser=881-804-9978 service=CampaignCriterionService method=mutate operators={REMOVE: 1} responseTime=123 requestId=000542451e161e800a624291db01f0de operations=1 units= server=adwords.google.com isFault=true faultMessage=[RequiredError.REQUIRED @ operations[0].operand.criterion.id]
[Nov 27 2016 10:42:12.000000 - INFO] effectiveUser=202-295-7084 service=CampaignService method=query operators={} responseTime=169 requestId=000542452b5840f00a62d10972085180 operations=1 units= server=adwords.google.com isFault=false faultMessage=null
[Nov 27 2016 10:42:12.000000 - INFO] effectiveUser=202-295-7084 service=CampaignCriterionService method=mutate operators={ADD: 1} responseTime=168 requestId=000542452b60f7680a624944d20af8d0 operations=1 units= server=adwords.google.com isFault=false faultMessage=null
[Nov 27 2016 10:42:12.000000 - INFO] effectiveUser=202-295-7084 service=CampaignCriterionService method=mutate operators={ADD: 2} responseTime=166 requestId=000542452b66c3c80a62d6487805e226 operations=2 units= server=adwords.google.com isFault=false faultMessage=null
[Nov 27 2016 10:42:13.000000 - INFO] effectiveUser=202-295-7084 service=CampaignCriterionService method=mutate operators={ADD: 3} responseTime=190 requestId=000542452b6c84700a62dfc2350fc6d1 operations=3 units= server=adwords.google.com isFault=false faultMessage=null
[Nov 27 2016 10:42:23.000000 - INFO] effectiveUser=202-295-7084 service=CampaignService method=query operators={} responseTime=135 requestId=000542452c03b3900a622507430c9900 operations=1 units= server=adwords.google.com isFault=false faultMessage=null
[Nov 27 2016 10:42:23.000000 - ERROR] effectiveUser=202-295-7084 service=CampaignCriterionService method=mutate operators={REMOVE: 1} responseTime=77 requestId=000542452c0bf4d80a62c2873601c4be operations=1 units= server=adwords.google.com isFault=true faultMessage=[RequiredError.REQUIRED @ operations[0].operand.criterion.id]
[Nov 27 2016 10:42:32.000000 - INFO] effectiveUser=881-804-9978 service=CampaignService method=query operators={} responseTime=144 requestId=000542452c8c50390a620406d901c8c0 operations=1 units= server=adwords.google.com isFault=false faultMessage=null
[Nov 27 2016 10:42:32.000000 - ERROR] effectiveUser=881-804-9978 service=CampaignCriterionService method=mutate operators={REMOVE: 1} responseTime=84 requestId=000542452c947a100a629559310a70b4 operations=1 units= server=adwords.google.com isFault=true faultMessage=[RequiredError.REQUIRED @ operations[0].operand.criterion.id]
[Nov 27 2016 10:46:28.000000 - ERROR] effectiveUser=202-295-7084 service=CampaignCriterionService method=query operators={} responseTime=98 requestId=000542453aa994510a625981db08c3cf operations=1 units= server=adwords.google.com isFault=true faultMessage=[SelectorError.INVALID_FIELD_NAME @ query; trigger:'ipAddress']
[Nov 27 2016 10:46:31.000000 - ERROR] effectiveUser=881-804-9978 service=CampaignCriterionService method=query operators={} responseTime=128 requestId=000542453ad056300a626752010e6ff9 operations=1 units= server=adwords.google.com isFault=true faultMessage=[SelectorError.INVALID_FIELD_NAME @ query; trigger:'ipAddress']
[Nov 27 2016 10:48:32.000000 - ERROR] effectiveUser=881-804-9978 service=CampaignCriterionService method=query operators={} responseTime=130 requestId=00054245420c99e10a624f898f0d8d70 operations=1 units= server=adwords.google.com isFault=true faultMessage=[SelectorError.INVALID_FIELD_NAME @ query; trigger:'criterion']
[Nov 27 2016 10:48:39.000000 - ERROR] effectiveUser=881-804-9978 service=CampaignCriterionService method=query operators={} responseTime=110 requestId=000542454276fc400a621783ad01b886 operations=1 units= server=adwords.google.com isFault=true faultMessage=[SelectorError.INVALID_FIELD_NAME @ query; trigger:'criterion']
[Nov 27 2016 10:51:03.000000 - ERROR] effectiveUser=881-804-9978 service=CampaignCriterionService method=query operators={} responseTime=488 requestId=000542454b0255300a621bd652052d32 operations=1 units= server=adwords.google.com isFault=true faultMessage=[SizeLimitError.RESPONSE_SIZE_LIMIT_EXCEEDED @ ]
[Nov 27 2016 10:51:40.000000 - INFO] effectiveUser=202-295-7084 service=CampaignCriterionService method=query operators={} responseTime=158 requestId=000542454d3f87780a623a14bb0990e0 operations=1 units= server=adwords.google.com isFault=false faultMessage=null
[Nov 27 2016 10:51:42.000000 - INFO] effectiveUser=881-804-9978 service=CampaignCriterionService method=query operators={} responseTime=261 requestId=000542454d5c66180a622306f005b90e operations=1 units= server=adwords.google.com isFault=false faultMessage=null
[Nov 27 2016 10:52:43.000000 - INFO] effectiveUser=202-295-7084 service=CampaignCriterionService method=query operators={} responseTime=244 requestId=0005424550f44e300a621783ad01b886 operations=1 units= server=adwords.google.com isFault=false faultMessage=null
[Nov 27 2016 10:52:44.000000 - INFO] effectiveUser=881-804-9978 service=CampaignCriterionService method=query operators={} responseTime=255 requestId=00054245510359c00a62cfc4ca0c6fc8 operations=1 units= server=adwords.google.com isFault=false faultMessage=null
[Nov 27 2016 10:53:02.000000 - INFO] effectiveUser=881-804-9978 service=CampaignCriterionService method=query operators={} responseTime=355 requestId=00054245521ca1900a622ac93a0d8f89 operations=1 units= server=adwords.google.com isFault=false faultMessage=null
[Nov 27 2016 10:54:25.000000 - ERROR] effectiveUser=881-804-9978 service=CampaignCriterionService method=query operators={} responseTime=135 requestId=00054245571304500a622507430c9900 operations=1 units= server=adwords.google.com isFault=true faultMessage=[QueryError{reason=INVALID_WHERE_CLAUSE, message=}]
[Nov 27 2016 10:54:40.000000 - ERROR] effectiveUser=881-804-9978 service=CampaignCriterionService method=query operators={} responseTime=200 requestId=0005424557f970990a6223d86007e4f1 operations=1 units= server=adwords.google.com isFault=true faultMessage=[QueryError{reason=INVALID_WHERE_CLAUSE, message=}]
[Nov 27 2016 10:54:57.000000 - ERROR] effectiveUser=881-804-9978 service=CampaignCriterionService method=query operators={} responseTime=127 requestId=0005424558fb30f80a62501ae208e753 operations=1 units= server=adwords.google.com isFault=true faultMessage=[QueryError{reason=INVALID_WHERE_CLAUSE, message=}]
[Nov 27 2016 10:55:09.000000 - INFO] effectiveUser=881-804-9978 service=CampaignCriterionService method=query operators={} responseTime=242 requestId=0005424559a7ff400a6210501d0b17d5 operations=1 units= server=adwords.google.com isFault=false faultMessage=null
[Nov 27 2016 10:55:34.000000 - ERROR] effectiveUser=881-804-9978 service=CampaignCriterionService method=query operators={} responseTime=97 requestId=000542455b31ac800a6210501d0b17d5 operations=1 units= server=adwords.google.com isFault=true faultMessage=[QueryError{reason=INVALID_WHERE_CLAUSE, message=}]
[Nov 27 2016 10:55:47.000000 - INFO] effectiveUser=881-804-9978 service=CampaignCriterionService method=query operators={} responseTime=238 requestId=000542455bed82710a629d4dff0457da operations=1 units= server=adwords.google.com isFault=false faultMessage=null
[Nov 27 2016 10:56:30.000000 - ERROR] effectiveUser=881-804-9978 service=CampaignCriterionService method=query operators={} responseTime=112 requestId=000542455e8140f80a620f474c0795ac operations=1 units= server=adwords.google.com isFault=true faultMessage=[SelectorError.INVALID_PREDICATE_FIELD_NAME @ query; trigger:'ipAddress']
[Nov 27 2016 10:56:53.000000 - ERROR] effectiveUser=881-804-9978 service=CampaignCriterionService method=query operators={} responseTime=82 requestId=000542455fe0c1580a62a08d6e0fd3c9 operations=1 units= server=adwords.google.com isFault=true faultMessage=[SelectorError.INVALID_PREDICATE_FIELD_NAME @ query; trigger:'IpBlock']
[Nov 27 2016 10:57:05.000000 - ERROR] effectiveUser=881-804-9978 service=CampaignCriterionService method=query operators={} responseTime=143 requestId=00054245609c35a00a624291db01f0de operations=1 units= server=adwords.google.com isFault=true faultMessage=[SelectorError.INVALID_PREDICATE_FIELD_NAME @ query; trigger:'criterion']
[Nov 27 2016 10:58:39.000000 - ERROR] effectiveUser=881-804-9978 service=CampaignCriterionService method=query operators={} responseTime=110 requestId=00054245663c61390a621606a7016494 operations=1 units= server=adwords.google.com isFault=true faultMessage=[SelectorError.INVALID_PREDICATE_FIELD_NAME @ query; trigger:'CriteriaIpAddress']
[Nov 27 2016 10:59:30.000000 - ERROR] effectiveUser=202-295-7084 service=CampaignCriterionService method=query operators={} responseTime=131 requestId=000542456938dc400a62d6487805e226 operations=1 units= server=adwords.google.com isFault=true faultMessage=[QueryError{reason=PARSING_FAILED, message=}]
[Nov 27 2016 10:59:37.000000 - ERROR] effectiveUser=202-295-7084 service=CampaignCriterionService method=query operators={} responseTime=78 requestId=0005424569ac2fb00a62501ae208e753 operations=1 units= server=adwords.google.com isFault=true faultMessage=[QueryError{reason=PARSING_FAILED, message=}]
[Nov 27 2016 10:59:40.000000 - ERROR] effectiveUser=202-295-7084 service=CampaignCriterionService method=query operators={} responseTime=85 requestId=0005424569d4ddc10a620406d901c8c0 operations=1 units= server=adwords.google.com isFault=true faultMessage=[QueryError{reason=PARSING_FAILED, message=}]
[Nov 27 2016 10:59:51.000000 - INFO] effectiveUser=202-295-7084 service=CampaignCriterionService method=query operators={} responseTime=178 requestId=000542456a81fe100a629ec71f08dcc2 operations=1 units= server=adwords.google.com isFault=false faultMessage=null
[Nov 27 2016 11:00:34.000000 - ERROR] effectiveUser=881-804-9978 service=CampaignCriterionService method=query operators={} responseTime=123 requestId=000542456d0d50580a62118d04018c67 operations=1 units= server=adwords.google.com isFault=true faultMessage=[SelectorError.INVALID_PREDICATE_FIELD_NAME @ query; trigger:'ipAddress']
[Nov 27 2016 11:03:12.000000 - ERROR] effectiveUser=202-295-7084 service=CampaignCriterionService method=query operators={} responseTime=81 requestId=00054245767993680a621cd4330cc759 operations=1 units= server=adwords.google.com isFault=true faultMessage=[SelectorError.INVALID_PREDICATE_FIELD_NAME @ query; trigger:'Criterion.Type']
[Nov 27 2016 11:04:23.000000 - INFO] effectiveUser=881-804-9978 service=CampaignCriterionService method=query operators={} responseTime=439 requestId=000542457aabb7e00a62d6487805e226 operations=1 units= server=adwords.google.com isFault=false faultMessage=null
[Nov 27 2016 11:04:40.000000 - INFO] effectiveUser=881-804-9978 service=CampaignCriterionService method=query operators={} responseTime=113 requestId=000542457bb924880a628b192a0cb8ba operations=1 units= server=adwords.google.com isFault=false faultMessage=null
[Nov 27 2016 11:04:59.000000 - INFO] effectiveUser=881-804-9978 service=CampaignCriterionService method=query operators={} responseTime=354 requestId=000542457cd798900a6210501d0b17d5 operations=1 units= server=adwords.google.com isFault=false faultMessage=null
[Nov 27 2016 11:05:52.000000 - INFO] effectiveUser=202-295-7084 service=CampaignCriterionService method=query operators={} responseTime=247 requestId=000542457ffbcb900a6265c1fe09fdcb operations=1 units= server=adwords.google.com isFault=false faultMessage=null
[Nov 27 2016 11:06:14.000000 - INFO] effectiveUser=202-295-7084 service=CampaignCriterionService method=query operators={} responseTime=106 requestId=000542458158a4400a62cd497a03695b operations=1 units= server=adwords.google.com isFault=false faultMessage=null
[Nov 27 2016 11:09:03.000000 - INFO] effectiveUser=202-295-7084 service=CampaignCriterionService method=query operators={} responseTime=103 requestId=000542458b693da00a62c014be023d1e operations=1 units= server=adwords.google.com isFault=false faultMessage=null
[Nov 27 2016 11:09:22.000000 - INFO] effectiveUser=202-295-7084 service=CampaignCriterionService method=query operators={} responseTime=140 requestId=000542458c876f400a626451020ad9f1 operations=1 units= server=adwords.google.com isFault=false faultMessage=null
[Nov 27 2016 11:09:44.000000 - INFO] effectiveUser=202-295-7084 service=CampaignCriterionService method=query operators={} responseTime=103 requestId=000542458dd747d00a6210501d0b17d5 operations=1 units= server=adwords.google.com isFault=false faultMessage=null
[Nov 27 2016 11:10:50.000000 - INFO] effectiveUser=202-295-7084 service=CampaignCriterionService method=query operators={} responseTime=318 requestId=0005424591bcd6d00a629ec71f08dcc2 operations=1 units= server=adwords.google.com isFault=false faultMessage=null
[Nov 27 2016 11:11:05.000000 - INFO] effectiveUser=202-295-7084 service=CampaignCriterionService method=query operators={} responseTime=132 requestId=0005424592b1d1a80a62cd497a03695b operations=1 units= server=adwords.google.com isFault=false faultMessage=null
[Nov 27 2016 11:12:48.000000 - INFO] effectiveUser=202-295-7084 service=CampaignCriterionService method=query operators={} responseTime=184 requestId=0005424598cd86400a62095dda0dbb79 operations=1 units= server=adwords.google.com isFault=false faultMessage=null
[Nov 27 2016 11:12:48.000000 - ERROR] effectiveUser=202-295-7084 service=CampaignCriterionService method=mutate operators={REMOVE: 1} responseTime=80 requestId=0005424598d3a0c10a624f898f0d8d70 operations=1 units= server=adwords.google.com isFault=true faultMessage=[RequiredError.REQUIRED @ operations[0].operand.criterion.id]
[Nov 27 2016 11:17:26.000000 - INFO] effectiveUser=202-295-7084 service=CampaignCriterionService method=query operators={} responseTime=101 requestId=00054245a9669fc80a620406d901c8c0 operations=1 units= server=adwords.google.com isFault=false faultMessage=null
[Nov 27 2016 11:17:27.000000 - ERROR] effectiveUser=202-295-7084 service=CampaignCriterionService method=mutate operators={REMOVE: 1} responseTime= requestId= operations= units= server=adwords.google.com isFault=true faultMessage=Unmarshalling Error: cvc-elt.4.3: Type 'ns1:Criterion' is not validly derived from the type definition, 'CampaignCriterion', of element 'ns1:operand'. 
[Nov 27 2016 11:18:14.000000 - INFO] effectiveUser=202-295-7084 service=CampaignCriterionService method=query operators={} responseTime=155 requestId=00054245ac423cc00a62dfc2350fc6d1 operations=1 units= server=adwords.google.com isFault=false faultMessage=null
[Nov 27 2016 11:18:15.000000 - ERROR] effectiveUser=202-295-7084 service=CampaignCriterionService method=mutate operators={REMOVE: 1} responseTime= requestId= operations= units= server=adwords.google.com isFault=true faultMessage=Unmarshalling Error: cvc-elt.4.3: Type 'ns1:Criterion' is not validly derived from the type definition, 'CampaignCriterion', of element 'ns1:operand'. 
[Nov 27 2016 11:19:43.000000 - INFO] effectiveUser=202-295-7084 service=CampaignCriterionService method=query operators={} responseTime=171 requestId=00054245b18782d10a6256d71a01c18e operations=1 units= server=adwords.google.com isFault=false faultMessage=null
[Nov 27 2016 11:19:43.000000 - INFO] effectiveUser=202-295-7084 service=CampaignCriterionService method=mutate operators={REMOVE: 1} responseTime=164 requestId=00054245b18da1380a6222dd110f358e operations=1 units= server=adwords.google.com isFault=false faultMessage=null
[Nov 27 2016 11:19:43.000000 - ERROR] effectiveUser=202-295-7084 service=CampaignCriterionService method=mutate operators={REMOVE: 2} responseTime=96 requestId=00054245b1935a100a620d556209e4b6 operations=2 units= server=adwords.google.com isFault=true faultMessage=[EntityNotFound.INVALID_ID @ operations[0].operand.criterion; trigger:'CriterionId{id=19464713067}']
[Nov 27 2016 11:19:45.000000 - INFO] effectiveUser=202-295-7084 service=CampaignCriterionService method=query operators={} responseTime=137 requestId=00054245b1abeb200a620007e0036128 operations=1 units= server=adwords.google.com isFault=false faultMessage=null
[Nov 27 2016 11:19:45.000000 - INFO] effectiveUser=202-295-7084 service=CampaignCriterionService method=mutate operators={REMOVE: 1} responseTime=154 requestId=00054245b1b190710a62a08d6e0fd3c9 operations=1 units= server=adwords.google.com isFault=false faultMessage=null
[Nov 27 2016 11:19:46.000000 - ERROR] effectiveUser=202-295-7084 service=CampaignCriterionService method=mutate operators={REMOVE: 2} responseTime=155 requestId=00054245b1b712980a625981db08c3cf operations=2 units= server=adwords.google.com isFault=true faultMessage=[EntityNotFound.INVALID_ID @ operations[0].operand.criterion; trigger:'CriterionId{id=19464713067}']
[Nov 27 2016 11:20:11.000000 - INFO] effectiveUser=202-295-7084 service=CampaignCriterionService method=query operators={} responseTime=107 requestId=00054245b3354e280a624f898f0d8d70 operations=1 units= server=adwords.google.com isFault=false faultMessage=null
[Nov 27 2016 11:23:49.000000 - INFO] effectiveUser=202-295-7084 service=CampaignCriterionService method=query operators={} responseTime=112 requestId=00054245c03143c00a6257d8a008ee73 operations=1 units= server=adwords.google.com isFault=false faultMessage=null
[Nov 27 2016 11:23:49.000000 - ERROR] effectiveUser=202-295-7084 service=CampaignCriterionService method=mutate operators={REMOVE: 1} responseTime=123 requestId=00054245c036c9d00a621cd4330cc759 operations=1 units= server=adwords.google.com isFault=true faultMessage=[RequiredError.REQUIRED @ operations[0].operand]
[Nov 27 2016 11:24:16.000000 - INFO] effectiveUser=202-295-7084 service=CampaignCriterionService method=query operators={} responseTime=80 requestId=00054245c1d887380a62cc0560011470 operations=1 units= server=adwords.google.com isFault=false faultMessage=null
[Nov 27 2016 11:24:17.000000 - ERROR] effectiveUser=202-295-7084 service=CampaignCriterionService method=mutate operators={REMOVE: 1} responseTime=102 requestId=00054245c1dcf0200a6215897f0308a9 operations=1 units= server=adwords.google.com isFault=true faultMessage=[RequiredError.REQUIRED @ operations[0].operand]
[Nov 27 2016 11:24:30.000000 - INFO] effectiveUser=202-295-7084 service=CampaignCriterionService method=query operators={} responseTime=112 requestId=00054245c2ae70f10a624092d409a1d1 operations=1 units= server=adwords.google.com isFault=false faultMessage=null
[Nov 27 2016 11:24:31.000000 - ERROR] effectiveUser=202-295-7084 service=CampaignCriterionService method=mutate operators={REMOVE: 1} responseTime=82 requestId=00054245c2b37a010a6214d2b7026436 operations=1 units= server=adwords.google.com isFault=true faultMessage=[RequiredError.REQUIRED @ operations[0].operand.criterion.id]
[Nov 27 2016 11:24:56.000000 - INFO] effectiveUser=202-295-7084 service=CampaignCriterionService method=query operators={} responseTime=166 requestId=00054245c42ff8400a6238cf360fb7e2 operations=1 units= server=adwords.google.com isFault=false faultMessage=null
[Nov 27 2016 11:24:56.000000 - INFO] effectiveUser=202-295-7084 service=CampaignCriterionService method=mutate operators={REMOVE: 1} responseTime=176 requestId=00054245c435e7c80a629559310a70b4 operations=1 units= server=adwords.google.com isFault=false faultMessage=null
[Nov 27 2016 11:26:20.000000 - INFO] effectiveUser=202-295-7084 service=CampaignCriterionService method=query operators={} responseTime=110 requestId=00054245c930a3d00a624291db01f0de operations=1 units= server=adwords.google.com isFault=false faultMessage=null
[Nov 27 2016 11:27:00.000000 - INFO] effectiveUser=202-295-7084 service=CampaignCriterionService method=query operators={} responseTime=125 requestId=00054245cb99fec80a62c69a1a01ddca operations=1 units= server=adwords.google.com isFault=false faultMessage=null
